


ARM Macro Assembler    Page 1 


    1 00000000                 AREA             RESET,DATA,READONLY
    2 00000000                 EXPORT           __Vectors
    3 00000000         __Vectors
    4 00000000 10001000        DCD              0x10001000
    5 00000004 00000000        DCD              Reset_Handler
    6 00000008                 ALIGN
    7 00000008                 AREA             mycode,CODE,READONLY
    8 00000000                 ENTRY
    9 00000000                 EXPORT           Reset_Handler
   10 00000000         Reset_Handler
   11 00000000 F04F 000A       MOV              R0,#10
   12 00000004 4901            LDR              R1, =DST1
   13 00000006 6008            STR              R0,[R1]
   14 00000008         STOP
   15 00000008 E7FE            B                STOP
   16 0000000A 00 00 00000000  AREA             mydata,DATA,READWRITE
   17 00000000 00000000 
                       DST1    DCD              0
   18 00000004                 END
Command Line: --debug --xref --cpu=Cortex-M3 --apcs=interwork --depend=.\l1q1.d
 -o.\l1q1.o -IC:\Keil\ARM\RV31\INC -IC:\Keil\ARM\CMSIS\Include -IC:\Keil\ARM\In
c\NXP\LPC17xx --predefine="__EVAL SETA 1" --list=.\l1q1.lst l1q1.s



ARM Macro Assembler    Page 1 Alphabetic symbol ordering
Relocatable symbols

RESET 00000000

Symbol: RESET
   Definitions
      At line 1 in file l1q1.s
   Uses
      None
Comment: RESET unused
__Vectors 00000000

Symbol: __Vectors
   Definitions
      At line 3 in file l1q1.s
   Uses
      At line 2 in file l1q1.s
Comment: __Vectors used once
2 symbols



ARM Macro Assembler    Page 1 Alphabetic symbol ordering
Relocatable symbols

Reset_Handler 00000000

Symbol: Reset_Handler
   Definitions
      At line 10 in file l1q1.s
   Uses
      At line 5 in file l1q1.s
      At line 9 in file l1q1.s

STOP 00000008

Symbol: STOP
   Definitions
      At line 14 in file l1q1.s
   Uses
      At line 15 in file l1q1.s
Comment: STOP used once
mycode 00000000

Symbol: mycode
   Definitions
      At line 7 in file l1q1.s
   Uses
      None
Comment: mycode unused
3 symbols



ARM Macro Assembler    Page 1 Alphabetic symbol ordering
Relocatable symbols

DST1 00000000

Symbol: DST1
   Definitions
      At line 17 in file l1q1.s
   Uses
      At line 12 in file l1q1.s
Comment: DST1 used once
mydata 00000000

Symbol: mydata
   Definitions
      At line 16 in file l1q1.s
   Uses
      None
Comment: mydata unused
2 symbols
340 symbols in table
